<?xml version="1.0" encoding="UTF-8"?>
<testsuites>
  <testsuite name="fastlane.lanes">
    
    
    
      
      <testcase classname="fastlane.lanes" name="0: increment_build_number" time="5.469396">
        
      </testcase>
    
      
      <testcase classname="fastlane.lanes" name="1: increment_version_number" time="0.739579">
        
      </testcase>
    
      
      <testcase classname="fastlane.lanes" name="2: gym" time="206.176424">
        
      </testcase>
    
      
      <testcase classname="fastlane.lanes" name="3: run_tests" time="192.400694">
        
      </testcase>
    
      
      <testcase classname="fastlane.lanes" name="4: sonar" time="2.501739">
        
          <failure message="/Users/devsuri/.rvm/gems/ruby-2.5.1/gems/fastlane-2.101.1/fastlane/lib/fastlane/actions/actions_helper.rb:48:in `execute_action'&#10;/Users/devsuri/.rvm/gems/ruby-2.5.1/gems/fastlane-2.101.1/fastlane/lib/fastlane/runner.rb:232:in `block in execute_action'&#10;/Users/devsuri/.rvm/gems/ruby-2.5.1/gems/fastlane-2.101.1/fastlane/lib/fastlane/runner.rb:227:in `chdir'&#10;/Users/devsuri/.rvm/gems/ruby-2.5.1/gems/fastlane-2.101.1/fastlane/lib/fastlane/runner.rb:227:in `execute_action'&#10;/Users/devsuri/.rvm/gems/ruby-2.5.1/gems/fastlane-2.101.1/fastlane/lib/fastlane/runner.rb:157:in `trigger_action_by_name'&#10;/Users/devsuri/.rvm/gems/ruby-2.5.1/gems/fastlane-2.101.1/fastlane/lib/fastlane/fast_file.rb:149:in `method_missing'&#10;../fastlane/Fastfile:13:in `block in parsing_binding'&#10;/Users/devsuri/.rvm/gems/ruby-2.5.1/gems/fastlane-2.101.1/fastlane/lib/fastlane/lane.rb:33:in `call'&#10;/Users/devsuri/.rvm/gems/ruby-2.5.1/gems/fastlane-2.101.1/fastlane/lib/fastlane/runner.rb:49:in `block in execute'&#10;/Users/devsuri/.rvm/gems/ruby-2.5.1/gems/fastlane-2.101.1/fastlane/lib/fastlane/runner.rb:45:in `chdir'&#10;/Users/devsuri/.rvm/gems/ruby-2.5.1/gems/fastlane-2.101.1/fastlane/lib/fastlane/runner.rb:45:in `execute'&#10;/Users/devsuri/.rvm/gems/ruby-2.5.1/gems/fastlane-2.101.1/fastlane/lib/fastlane/lane_manager.rb:56:in `cruise_lane'&#10;/Users/devsuri/.rvm/gems/ruby-2.5.1/gems/fastlane-2.101.1/fastlane/lib/fastlane/command_line_handler.rb:36:in `handle'&#10;/Users/devsuri/.rvm/gems/ruby-2.5.1/gems/fastlane-2.101.1/fastlane/lib/fastlane/commands_generator.rb:108:in `block (2 levels) in run'&#10;/Users/devsuri/.rvm/gems/ruby-2.5.1/gems/commander-fastlane-4.4.6/lib/commander/command.rb:178:in `call'&#10;/Users/devsuri/.rvm/gems/ruby-2.5.1/gems/commander-fastlane-4.4.6/lib/commander/command.rb:153:in `run'&#10;/Users/devsuri/.rvm/gems/ruby-2.5.1/gems/commander-fastlane-4.4.6/lib/commander/runner.rb:476:in `run_active_command'&#10;/Users/devsuri/.rvm/gems/ruby-2.5.1/gems/fastlane-2.101.1/fastlane_core/lib/fastlane_core/ui/fastlane_runner.rb:74:in `run!'&#10;/Users/devsuri/.rvm/gems/ruby-2.5.1/gems/commander-fastlane-4.4.6/lib/commander/delegates.rb:15:in `run!'&#10;/Users/devsuri/.rvm/gems/ruby-2.5.1/gems/fastlane-2.101.1/fastlane/lib/fastlane/commands_generator.rb:333:in `run'&#10;/Users/devsuri/.rvm/gems/ruby-2.5.1/gems/fastlane-2.101.1/fastlane/lib/fastlane/commands_generator.rb:41:in `start'&#10;/Users/devsuri/.rvm/gems/ruby-2.5.1/gems/fastlane-2.101.1/fastlane/lib/fastlane/cli_tools_distributor.rb:108:in `take_off'&#10;/Users/devsuri/.rvm/gems/ruby-2.5.1/gems/fastlane-2.101.1/bin/fastlane:20:in `&lt;top (required)&gt;'&#10;/Users/devsuri/.rvm/gems/ruby-2.5.1/bin/fastlane:23:in `load'&#10;/Users/devsuri/.rvm/gems/ruby-2.5.1/bin/fastlane:23:in `&lt;main&gt;'&#10;/Users/devsuri/.rvm/gems/ruby-2.5.1/bin/ruby_executable_hooks:24:in `eval'&#10;/Users/devsuri/.rvm/gems/ruby-2.5.1/bin/ruby_executable_hooks:24:in `&lt;main&gt;'&#10;&#10;Shell command exited with exit status 1 instead of 0.&#10;INFO: Scanner configuration file: /usr/local/Cellar/sonar-scanner/3.2.0.1227/libexec/conf/sonar-scanner.properties&#10;INFO: Project root configuration file: /Users/devsuri/Documents/final/sonar-project.properties&#10;INFO: SonarQube Scanner 3.2.0.1227&#10;INFO: Java 10.0.2 Oracle Corporation (64-bit)&#10;INFO: Mac OS X 10.13.6 x86_64&#10;INFO: User cache: /Users/devsuri/.sonar/cache&#10;ERROR: SonarQube server [http://localhost:9000] can not be reached&#10;INFO: ------------------------------------------------------------------------&#10;INFO: EXECUTION FAILURE&#10;INFO: ------------------------------------------------------------------------&#10;INFO: Total time: 1.674s&#10;INFO: Final Memory: 3M/17M&#10;INFO: ------------------------------------------------------------------------&#10;ERROR: Error during SonarQube Scanner execution&#10;ERROR: Unable to execute SonarQube&#10;ERROR: Caused by: Fail to get bootstrap index from server&#10;ERROR: Caused by: Failed to connect to localhost/0:0:0:0:0:0:0:1:9000&#10;ERROR: Caused by: Connection refused (Connection refused)&#10;ERROR: &#10;ERROR: Re-run SonarQube Scanner using the -X switch to enable full debug logging.&#10;" />
        
      </testcase>
    
  </testsuite>
</testsuites>
